<?xml version="1.0" encoding="UTF-8"?>
<!-- Generated by org.testng.reporters.JUnitReportReporter -->
<testsuite skipped="0" hostname="MUMSDALVI" name="org.automation.testcases.TC_009_Iframe_New_Window" tests="1" failures="0" timestamp="09 Dec 2020 07:40:49 GMT" time="35.831" errors="0">
  <testcase name="WindowHandleDemo" time="35.831" classname="org.automation.testcases.TC_009_Iframe_New_Window"/>
</testsuite> <!-- org.automation.testcases.TC_009_Iframe_New_Window -->
