<?xml version="1.0" encoding="UTF-8"?>
<!-- Generated by org.testng.reporters.JUnitReportReporter -->
<testsuite skipped="0" hostname="MUMSDALVI" name="org.automation.testcases.TC_004_Validate_Multiselect_button_functionality" tests="1" failures="0" timestamp="09 Dec 2020 07:09:43 GMT" time="63.052" errors="0">
  <testcase name="SelectAllButton" time="63.052" classname="org.automation.testcases.TC_004_Validate_Multiselect_button_functionality"/>
</testsuite> <!-- org.automation.testcases.TC_004_Validate_Multiselect_button_functionality -->
