<?xml version="1.0" encoding="UTF-8"?>
<!-- Generated by org.testng.reporters.JUnitReportReporter -->
<testsuite skipped="0" hostname="MUMSDALVI" name="org.automation.testcases.TC_004_Validate_Columns_in_Listing_Screen" tests="1" failures="0" timestamp="10 Dec 2020 05:26:24 GMT" time="29.656" errors="0">
  <testcase name="validateColumns" time="29.656" classname="org.automation.testcases.TC_004_Validate_Columns_in_Listing_Screen"/>
</testsuite> <!-- org.automation.testcases.TC_004_Validate_Columns_in_Listing_Screen -->
