<?xml version="1.0" encoding="UTF-8"?>
<!-- Generated by org.testng.reporters.JUnitReportReporter -->
<testsuite skipped="0" hostname="MUMSDALVI" name="org.automation.testcases.TC_006_Validate_Hide_Inactive_functionality" tests="1" failures="0" timestamp="09 Dec 2020 07:09:43 GMT" time="45.863" errors="0">
  <testcase name="HideInactiveCheckbox" time="45.863" classname="org.automation.testcases.TC_006_Validate_Hide_Inactive_functionality"/>
</testsuite> <!-- org.automation.testcases.TC_006_Validate_Hide_Inactive_functionality -->
