<?xml version="1.0" encoding="UTF-8"?>
<!-- Generated by org.testng.reporters.JUnitReportReporter -->
<testsuite skipped="0" hostname="MUMSDALVI" name="org.automation.testcases.TC_007_Validate_Error_Messages_Question_Template" tests="1" failures="0" timestamp="09 Dec 2020 07:09:43 GMT" time="35.080" errors="0">
  <testcase name="errorMessage" time="35.080" classname="org.automation.testcases.TC_007_Validate_Error_Messages_Question_Template"/>
</testsuite> <!-- org.automation.testcases.TC_007_Validate_Error_Messages_Question_Template -->
