<?xml version="1.0" encoding="UTF-8"?>
<!-- Generated by org.testng.reporters.JUnitReportReporter -->
<testsuite skipped="0" hostname="MUMSDALVI" name="org.automation.testcases.TC_005_Validate_Columns_in_Listing_Screen" tests="1" failures="0" timestamp="09 Dec 2020 07:09:43 GMT" time="24.210" errors="0">
  <testcase name="validateColumns" time="24.210" classname="org.automation.testcases.TC_005_Validate_Columns_in_Listing_Screen"/>
</testsuite> <!-- org.automation.testcases.TC_005_Validate_Columns_in_Listing_Screen -->
