<?xml version="1.0" encoding="UTF-8"?>
<!-- Generated by org.testng.reporters.JUnitReportReporter -->
<testsuite skipped="0" hostname="MUMSDALVI" name="org.automation.testcases.TC_005_Validate_Hide_Inactive_functionality" tests="1" failures="0" timestamp="10 Dec 2020 05:26:24 GMT" time="55.801" errors="0">
  <testcase name="HideInactiveCheckbox" time="55.801" classname="org.automation.testcases.TC_005_Validate_Hide_Inactive_functionality"/>
</testsuite> <!-- org.automation.testcases.TC_005_Validate_Hide_Inactive_functionality -->
