<?xml version="1.0" encoding="UTF-8"?>
<!-- Generated by org.testng.reporters.JUnitReportReporter -->
<testsuite skipped="0" hostname="MUMSDALVI" name="org.automation.testcases.TC_002_Validate_Question_Template_Creation" tests="1" failures="0" timestamp="09 Dec 2020 07:13:40 GMT" time="61.002" errors="0">
  <testcase name="templateCreation" time="61.002" classname="org.automation.testcases.TC_002_Validate_Question_Template_Creation"/>
</testsuite> <!-- org.automation.testcases.TC_002_Validate_Question_Template_Creation -->
