<?xml version="1.0" encoding="UTF-8"?>
<!-- Generated by org.testng.reporters.JUnitReportReporter -->
<testsuite skipped="0" hostname="MUMSDALVI" name="org.automation.testcases.TC_003_Validate_Templats_Listing_Screen" tests="2" failures="0" timestamp="02 Dec 2020 12:13:49 GMT" time="48.787" errors="0">
  <testcase name="validateFieldsDisplayed" time="24.607" classname="org.automation.testcases.TC_003_Validate_Templats_Listing_Screen"/>
  <testcase name="verifyValidationOnNoRecords" time="24.180" classname="org.automation.testcases.TC_003_Validate_Templats_Listing_Screen"/>
</testsuite> <!-- org.automation.testcases.TC_003_Validate_Templats_Listing_Screen -->
