<?xml version="1.0" encoding="UTF-8"?>
<!-- Generated by org.testng.reporters.JUnitReportReporter -->
<testsuite skipped="0" hostname="MUMSDALVI" name="org.automation.testcases.TC_003_Validate_Template_Listing_Screen" tests="2" failures="0" timestamp="09 Dec 2020 07:09:43 GMT" time="49.510" errors="0">
  <testcase name="validateFieldsDisplayed" time="24.562" classname="org.automation.testcases.TC_003_Validate_Template_Listing_Screen"/>
  <testcase name="verifyValidationOnNoRecords" time="24.948" classname="org.automation.testcases.TC_003_Validate_Template_Listing_Screen"/>
</testsuite> <!-- org.automation.testcases.TC_003_Validate_Template_Listing_Screen -->
